生成启动时间为 2021/6/6 14:27:56。
     1>项目“E:\vsproject\C++\itcastC++study\2021_6_6\2021_6_6\2021_6_6.vcxproj”在节点 2 上(Build 个目标)。
     1>ClCompile:
         E:\vs2013\2013安装\VC\bin\CL.exe /c /ZI /nologo /W3 /WX- /sdl /Od /Oy- /D _MBCS /Gm /EHsc /RTC1 /MDd /GS /fp:precise /Zc:wchar_t /Zc:forScope /Fo"Debug\\" /Fd"Debug\vc120.pdb" /Gd /TP /analyze- /errorReport:prompt file.cpp
         file.cpp
       Link:
         E:\vs2013\2013安装\VC\bin\link.exe /ERRORREPORT:PROMPT /OUT:"E:\vsproject\C++\itcastC++study\2021_6_6\Debug\2021_6_6.exe" /INCREMENTAL /NOLOGO kernel32.lib user32.lib gdi32.lib winspool.lib comdlg32.lib advapi32.lib shell32.lib ole32.lib oleaut32.lib uuid.lib odbc32.lib odbccp32.lib /MANIFEST /MANIFESTUAC:"level='asInvoker' uiAccess='false'" /manifest:embed /DEBUG /PDB:"E:\vsproject\C++\itcastC++study\2021_6_6\Debug\2021_6_6.pdb" /TLBID:1 /DYNAMICBASE /NXCOMPAT /IMPLIB:"E:\vsproject\C++\itcastC++study\2021_6_6\Debug\2021_6_6.lib" /MACHINE:X86 Debug\abstrackClass.obj
         Debug\calculator.obj
         Debug\file.obj
         Debug\inherit.obj
         Debug\makeDrink.obj
         Debug\multiple.obj
         Debug\multiple2.obj
         Debug\multipleTest.obj
         Debug\staticInherit.obj
         Debug\waysofInherit.obj
         Debug\xigou.obj
         2021_6_6.vcxproj -> E:\vsproject\C++\itcastC++study\2021_6_6\Debug\2021_6_6.exe
     1>已完成生成项目“E:\vsproject\C++\itcastC++study\2021_6_6\2021_6_6\2021_6_6.vcxproj”(Build 个目标)的操作。

生成成功。

已用时间 00:00:01.52
